1
 
 
 
 
                                                             
                 Copyright 2011 Siemens Product Lifecycle    
                        Management Software Inc.             
                         All Rights Reserved.                
                                                             
               This software and related documentation are   
                 proprietary to Siemens Product Lifecycle    
                        Management Software Inc.             
                                                             
              Siemens and the Siemens logo are registered    
             trademarks of Siemens AG. NX is a trademark or  
                registered trademark of Siemens Product      
               Lifecycle Management Software Inc. or its     
             subsidiaries in the United States and in other  
             countries.  NASTRAN is a registered trademark   
                 of the National Aeronautics and Space       
                 Administration.  All other trademarks,      
              registered trademarks or service marks belong  
                      to their respective holders.           
                                                             
           LIMITATIONS TO U.S. GOVERNMENT RIGHTS. UNPUBLISHED
           - RIGHTS RESERVED UNDER THE COPYRIGHT LAWS OF THE 
            UNITED STATES. This computer software and related
               computer software documentation have been     
            developed exclusively at private expense and are 
           provided subject to the following rights:  If this
               computer software and computer  software      
            documentation qualify as "commercial items" (as  
             that term is defined in FAR 2.101), their use,  
            duplication or disclosure by the U.S. Government 
           is subject to the protections and restrictions as 
            set forth in the Siemens commercial license for  
            software and/or documentation, as prescribed in  
           FAR 12.212 and FAR 27.405(b)(2)(i) (for civilian  
             agencies) and in DFARS 227.7202-1(a) and DFARS  
           227.7202-3(a) (for the Department of Defense), or 
           any successor or similar regulation, as applicable
           or as amended from time to time.  If this computer
           software and computer documentation do not qualify
            as "commercial items", then they are "restricted 
           computer software" and are provided with "restric-
            tive rights", and their use, duplication or dis- 
            closure by the U.S. Government is subject to the 
            protections and restrictions as set forth in FAR 
           27.404(b) and FAR 52-227-14 (for civilian agencies
           ), and DFARS 227.7203-5(c) and DFARS 252.227-7014 
           (for the Department of Defense), or any successor 
           or similar regulation, as applicable or as amended
              from time to time.  Siemens PLM Software Inc.  
              5400 Legacy Drive, Plano, Texas 75024-3199.    

                * * * * * * * * * * * * * * * * * * * *
                * * * * * * * * * * * * * * * * * * * *
                * *                                 * *
                * *                                 * *
                * *                                 * *
                * *                                 * *
                * *       N X   N a s t r a n       * *
                * *                                 * *
                * *         VERSION -   8.5         * *
                * *                                 * *
                * *          AUG 11, 2012           * *
                * *                                 * *
                * *                                 * *
                * *Intel64 Family 6 Model 58 Steppi * *
                * *                                 * *
                * *Intel(R) Core(TM) i7-3770K CPU @ * *
                * *                                 * *
                * *    Windows 7 Service Pack 1     * *
                * *                                 * *
                * *       Compiled for X86-64       * *
                * *                                 * *
                * * * * * * * * * * * * * * * * * * * *
                * * * * * * * * * * * * * * * * * * * *
1 
  
                        Welcome to NX Nastran
                        -------------------------
  
  
 This "news" information can be turned off by setting "news=no" in the runtime
 configuration (RC) file.  The "news" keyword can be set in the system RC file
 for global, or multi-user control, and in a local file for local control.
 Individual jobs can be controlled by setting news to yes or no on the command
 line.
1                                                                              JUNE   1, 2015  NX NASTRAN  8/11/12   PAGE     1
                                                                                                                                    
0        N A S T R A N    F I L E    A N D    S Y S T E M    P A R A M E T E R    E C H O                                           
0                                                                                                                                   
                                                                                                                                    
                                                                                                                                    
     NASTRAN BUFFSIZE=8193 $(D:/INSTALL/SIEMENS/NX 8.5/NXNASTRAN/CONF/NAST8.RCF[2])  
     NASTRAN DIAGA=128 DIAGB=0 $(D:/INSTALL/SIEMENS/NX 8.5/NXNASTRAN/CONF/NAST8.RCF[6
     NASTRAN SYSTEM(442)=1 $(COMMAND LINE[5])                                        
     NASTRAN REAL=2147483647 $(PROGRAM DEFAULT)                                      
     $*$$$$$$$$$$$$$$$$$$$$$$$$$$$$$$$$$$$$$$$$$$$$$$$$$$$$$$$$$$$$$$$$$             
     $*                                                                              
     $*                    NX V8.5.0.23 TRANSLATOR                                   
     $*                    FOR NX NASTRAN VERSION 8.5                                
     $*                                                                              
     $*             FEM FILE: E:\CHERTEJI\NX_CHERTEJI\MODEL1_FEM1.FEM                
     $*             SIM FILE: E:\CHERTEJI\NX_CHERTEJI\MODEL1_SIM1.SIM                
     $*        ANALYSIS TYPE: THERMAL                                                
     $*        SOLUTION NAME: SOLUTION 1                                             
     $*        SOLUTION TYPE: SOL 159 TRANSIENT NONLINEAR HEAT TRANSFER              
     $*                                                                              
     $*    SOLVER INPUT FILE: MODEL1_SIM1-SOLUTION_1.DAT                             
     $*        CREATION DATE:  1-JUN-2015                                            
     $*        CREATION TIME: 15:45:47                                               
     $*             HOSTNAME: LUPASIC                                                
     $*      NASTRAN LICENSE: DESKTOP BUNDLE                                         
     $*                                                                              
     $*                UNITS: MM (MILLI-NEWTON)                                      
     $*                      ... LENGTH : MM                                         
     $*                      ... TIME   : SEC                                        
     $*                      ... MASS   : KILOGRAM (KG)                              
     $*                      ... TEMPERATURE : DEG CELSIUS                           
     $*                      ... FORCE  : MILLI-NEWTON                               
     $*                      ... THERMAL ENERGY : MN-MM (MICRO-JOULE)                
     $*                                                                              
     $* |||||| |||||||||:                                                            
     $*     ||| ||||||| ||||||||||||| NX | |||||||| ||| ||||||||||.                  
     $*     ||||| ||||||||| |||||||||| |||||||||||||| NX.                            
     $*                                                                              
     $*$$$$$$$$$$$$$$$$$$$$$$$$$$$$$$$$$$$$$$$$$$$$$$$$$$$$$$$$$$$$$$$$$             
     $*                                                                              
     $*$$$$$$$$$$$$$$$$$$$$$$$$$$$$$$$$$$$                                           
     $*                                                                              
     $* FILE MANAGEMENT                                                              
     $*                                                                              
     $*$$$$$$$$$$$$$$$$$$$$$$$$$$$$$$$$$$$                                           
     $*                                                                              
     $*                                                                              
     $*$$$$$$$$$$$$$$$$$$$$$$$$$$$$$$$$$$$                                           
     $*                                                                              
     $* EXECUTIVE CONTROL                                                            
     $*                                                                              
     $*$$$$$$$$$$$$$$$$$$$$$$$$$$$$$$$$$$$                                           
     $*                                                                              
1                                                                              JUNE   1, 2015  NX NASTRAN  8/11/12   PAGE     2
                                                                                                                                    
0        N A S T R A N    E X E C U T I V E    C O N T R O L    E C H O                                                             
0                                                                                                                                   
                                                                                                                                    
                                                                                                                                    
     ID,NASTRAN,MODEL1_SIM1-SOLUTION_1                                                       
     SOL 159                                                                                 
     CEND                                                                                    
1                                                                              JUNE   1, 2015  NX NASTRAN  8/11/12   PAGE     3
                                                                                                                                    
0                                                                                                                                   
0                                        C A S E    C O N T R O L    E C H O                                                        
                 COMMAND                                                                                                            
                 COUNT                                                                                                              
                  1      $*                                                                                      
                  2      $*$$$$$$$$$$$$$$$$$$$$$$$$$$$$$$$$$$$                                                   
                  3      $*                                                                                      
                  4      $* CASE CONTROL                                                                         
                  5      $*                                                                                      
                  6      $*$$$$$$$$$$$$$$$$$$$$$$$$$$$$$$$$$$$                                                   
                  7      $*                                                                                      
                  8      ECHO = NONE                                                                             
                  9      ANALYSIS = HEAT                                                                         
                 10      IC = 200                                                                                
                 11      TSTEPNL = 100                                                                           
                 12      OUTPUT                                                                                  
                 13      FLUX(PLOT) = ALL                                                                        
                 14      THERMAL(PLOT) = ALL                                                                     
                 15      $*  NX STEP: SUBCASE - THERMAL TRANSIENT                                                
                 16      SUBCASE 1                                                                               
                 17      LABEL = SUBCASE - THERMAL TRANSIENT                                                     
                 18      DLOAD = 301                                                                             
                 19      SPC = 2                                                                                 
                 20      $*                                                                                      
                 21      $*$$$$$$$$$$$$$$$$$$$$$$$$$$$$$$$$$$$                                                   
                 22      $*                                                                                      
                 23      $* BULK DATA                                                                            
                 24      $*                                                                                      
                 25      $*$$$$$$$$$$$$$$$$$$$$$$$$$$$$$$$$$$$                                                   
                 26      $*                                                                                      
                 27      BEGIN BULK                                                                              
0                             INPUT BULK DATA ENTRY COUNT =         421
0                       TOTAL COUNT=       395


                                        M O D E L   S U M M A R Y

                                   NUMBER OF GRID     POINTS   =      119
 
 
                                   NUMBER OF CHBDYE   ELEMENTS =       19
                                   NUMBER OF CQUAD4   ELEMENTS =       96
 
1                                                                              JUNE   1, 2015  NX NASTRAN  8/11/12   PAGE     4
                                                                                                                                    
0                                                                                                                                   
0                                                                                                                                   
                                                                                                                                    
                                                                                                                                    
 *** USER INFORMATION MESSAGE 4109 (OUTPX2)
     THE LABEL IS NX8.5    FOR FORTRAN UNIT 12
     (MAXIMUM SIZE OF FORTRAN RECORDS WRITTEN =        7 WORDS.)
     (NUMBER OF FORTRAN RECORDS WRITTEN =        8 RECORDS.)
     (TOTAL DATA WRITTEN FOR TAPE LABEL =       17 WORDS.)
 *** USER INFORMATION MESSAGE 4114 (OUTPX2)
     DATA BLOCK PVT0     WRITTEN ON FORTRAN UNIT 12, TRL =
                    101                19                 0                 0                 0                 0                 0
     (MAXIMUM POSSIBLE FORTRAN RECORD SIZE =    16386 WORDS.)
     (MAXIMUM SIZE OF FORTRAN RECORDS WRITTEN =       19 WORDS.)
     (NUMBER OF FORTRAN RECORDS WRITTEN =       19 RECORDS.)
     (TOTAL DATA WRITTEN FOR DATA BLOCK =       43 WORDS.)
 *** USER INFORMATION MESSAGE 4114 (OUTPX2)
     DATA BLOCK GPL      WRITTEN ON FORTRAN UNIT 12, TRL =
                    101               119               119                 0                 0                 0                 0
     (MAXIMUM POSSIBLE FORTRAN RECORD SIZE =    16386 WORDS.)
     (MAXIMUM SIZE OF FORTRAN RECORDS WRITTEN =      238 WORDS.)
     (NUMBER OF FORTRAN RECORDS WRITTEN =       24 RECORDS.)
     (TOTAL DATA WRITTEN FOR DATA BLOCK =      386 WORDS.)
 *** USER INFORMATION MESSAGE 4114 (OUTPX2)
     DATA BLOCK GPDT     WRITTEN ON FORTRAN UNIT 12, TRL =
                    102               119                10                 0                 2                 0                 0
     (MAXIMUM POSSIBLE FORTRAN RECORD SIZE =    16386 WORDS.)
     (MAXIMUM SIZE OF FORTRAN RECORDS WRITTEN =     1190 WORDS.)
     (NUMBER OF FORTRAN RECORDS WRITTEN =       19 RECORDS.)
     (TOTAL DATA WRITTEN FOR DATA BLOCK =     1214 WORDS.)
 *** USER INFORMATION MESSAGE 4114 (OUTPX2)
     DATA BLOCK EPT      WRITTEN ON FORTRAN UNIT 12, TRL =
                    101                 0               512                 0                 0                 0                 0
     (MAXIMUM POSSIBLE FORTRAN RECORD SIZE =    16386 WORDS.)
     (MAXIMUM SIZE OF FORTRAN RECORDS WRITTEN =       14 WORDS.)
     (NUMBER OF FORTRAN RECORDS WRITTEN =       24 RECORDS.)
     (TOTAL DATA WRITTEN FOR DATA BLOCK =       45 WORDS.)
 *** USER INFORMATION MESSAGE 4114 (OUTPX2)
     DATA BLOCK MPT      WRITTEN ON FORTRAN UNIT 12, TRL =
                    101                 0              2050                 0                 0                 0                 0
     (MAXIMUM POSSIBLE FORTRAN RECORD SIZE =    16386 WORDS.)
     (MAXIMUM SIZE OF FORTRAN RECORDS WRITTEN =       25 WORDS.)
     (NUMBER OF FORTRAN RECORDS WRITTEN =       29 RECORDS.)
     (TOTAL DATA WRITTEN FOR DATA BLOCK =       74 WORDS.)
 *** USER INFORMATION MESSAGE 4114 (OUTPX2)
     DATA BLOCK GEOM2    WRITTEN ON FORTRAN UNIT 12, TRL =
                    101                 0                 0                 0              8192                 0              8192
     (MAXIMUM POSSIBLE FORTRAN RECORD SIZE =    16386 WORDS.)
     (MAXIMUM SIZE OF FORTRAN RECORDS WRITTEN =     1347 WORDS.)
     (NUMBER OF FORTRAN RECORDS WRITTEN =       29 RECORDS.)
     (TOTAL DATA WRITTEN FOR DATA BLOCK =     1518 WORDS.)
1                                                                              JUNE   1, 2015  NX NASTRAN  8/11/12   PAGE     5
                                                                                                                                    
0                                                                                                                                   
0                                                                                                                                   
                                                                                                                                    
                                                                                                                                    
 *** USER INFORMATION MESSAGE 4114 (OUTPX2)
     DATA BLOCK GEOM3    WRITTEN ON FORTRAN UNIT 12, TRL =
                    102                 0              2048                 0                 0             32768                 0
     (MAXIMUM POSSIBLE FORTRAN RECORD SIZE =    16386 WORDS.)
     (MAXIMUM SIZE OF FORTRAN RECORDS WRITTEN =       79 WORDS.)
     (NUMBER OF FORTRAN RECORDS WRITTEN =       29 RECORDS.)
     (TOTAL DATA WRITTEN FOR DATA BLOCK =      119 WORDS.)
 *** USER INFORMATION MESSAGE 4114 (OUTPX2)
     DATA BLOCK GEOM4    WRITTEN ON FORTRAN UNIT 12, TRL =
                    103                 0                 0                 0               512                 0                 0
     (MAXIMUM POSSIBLE FORTRAN RECORD SIZE =    16386 WORDS.)
     (MAXIMUM SIZE OF FORTRAN RECORDS WRITTEN =      107 WORDS.)
     (NUMBER OF FORTRAN RECORDS WRITTEN =       24 RECORDS.)
     (TOTAL DATA WRITTEN FOR DATA BLOCK =      138 WORDS.)
 *** USER INFORMATION MESSAGE 4114 (OUTPX2)
     DATA BLOCK GEOM1    WRITTEN ON FORTRAN UNIT 12, TRL =
                    104                 0                 0                 8                 0                 0                 0
     (MAXIMUM POSSIBLE FORTRAN RECORD SIZE =    16386 WORDS.)
     (MAXIMUM SIZE OF FORTRAN RECORDS WRITTEN =     1312 WORDS.)
     (NUMBER OF FORTRAN RECORDS WRITTEN =       24 RECORDS.)
     (TOTAL DATA WRITTEN FOR DATA BLOCK =     1343 WORDS.)
 *** USER INFORMATION MESSAGE 4114 (OUTPX2)
     DATA BLOCK BGPDT    WRITTEN ON FORTRAN UNIT 12, TRL =
                    105               119                 0               119                 2                 0               119
     (MAXIMUM POSSIBLE FORTRAN RECORD SIZE =    16386 WORDS.)
     (MAXIMUM SIZE OF FORTRAN RECORDS WRITTEN =     1428 WORDS.)
     (NUMBER OF FORTRAN RECORDS WRITTEN =       24 RECORDS.)
     (TOTAL DATA WRITTEN FOR DATA BLOCK =     1694 WORDS.)
 *** USER INFORMATION MESSAGE 4114 (OUTPX2)
     DATA BLOCK DIT      WRITTEN ON FORTRAN UNIT 12, TRL =
                    101                32                 0                 0                 0                 0                 0
     (MAXIMUM POSSIBLE FORTRAN RECORD SIZE =    16386 WORDS.)
     (MAXIMUM SIZE OF FORTRAN RECORDS WRITTEN =       17 WORDS.)
     (NUMBER OF FORTRAN RECORDS WRITTEN =       24 RECORDS.)
     (TOTAL DATA WRITTEN FOR DATA BLOCK =       48 WORDS.)
 *** USER INFORMATION MESSAGE 4114 (OUTPX2)
     DATA BLOCK DYNAMICS WRITTEN ON FORTRAN UNIT 12, TRL =
                    102              2048                 0                 0                 0               512                 0
     (MAXIMUM POSSIBLE FORTRAN RECORD SIZE =    16386 WORDS.)
     (MAXIMUM SIZE OF FORTRAN RECORDS WRITTEN =        9 WORDS.)
     (NUMBER OF FORTRAN RECORDS WRITTEN =       29 RECORDS.)
     (TOTAL DATA WRITTEN FOR DATA BLOCK =       53 WORDS.)
 *** USER INFORMATION MESSAGE 4114 (OUTPX2)
     DATA BLOCK CASECC   WRITTEN ON FORTRAN UNIT 12, TRL =
                    103                 1                 0               600                 0                 0                 0
     (MAXIMUM POSSIBLE FORTRAN RECORD SIZE =    16386 WORDS.)
     (MAXIMUM SIZE OF FORTRAN RECORDS WRITTEN =      600 WORDS.)
     (NUMBER OF FORTRAN RECORDS WRITTEN =       19 RECORDS.)
     (TOTAL DATA WRITTEN FOR DATA BLOCK =      624 WORDS.)
1                                                                              JUNE   1, 2015  NX NASTRAN  8/11/12   PAGE     6
                                                                                                                                    
0                                                                                                                                   
0                                                                                                                                   
                                                                                                                                    
                                                                                                                                    
 *** USER INFORMATION MESSAGE 4114 (OUTPX2)
     DATA BLOCK EQEXIN   WRITTEN ON FORTRAN UNIT 12, TRL =
                    101               119                 0                 0                 0                 0                 0
     (MAXIMUM POSSIBLE FORTRAN RECORD SIZE =    16386 WORDS.)
     (MAXIMUM SIZE OF FORTRAN RECORDS WRITTEN =      238 WORDS.)
     (NUMBER OF FORTRAN RECORDS WRITTEN =       24 RECORDS.)
     (TOTAL DATA WRITTEN FOR DATA BLOCK =      504 WORDS.)
1                                                                              JUNE   1, 2015  NX NASTRAN  8/11/12   PAGE     7
                                                                                                                                    
0                                                                                                                                   
 *** USER INFORMATION MESSAGE 7310 (VECPRN)
     ORIGIN OF SUPERELEMENT BASIC COORDINATE SYSTEM WILL BE USED AS REFERENCE LOCATION.
     RESULTANTS ABOUT ORIGIN OF SUPERELEMENT BASIC COORDINATE SYSTEM IN SUPERELEMENT BASIC SYSTEM COORDINATES.
0                                                  OLOAD    RESULTANT       
  SUBCASE/
  DAREA ID        T1             T2             T3             R1             R2             R3
0        1   0.0000000E+00
 ^^^ USER INFORMATION MESSAGE 9048 (NLTRAN)  
 ^^^ LINEAR ELEMENTS ARE CONNECTED TO THE ANALYSIS   SET (A-SET).    
 *** USER INFORMATION MESSAGE 7559 (TRLGCD)
     THIS TRANSIENT RESPONSE ANALYSIS INVOLVES THE FOLLOWING TYPES OF EXCITATION --

     * APPLIED LOADS
 *** USER INFORMATION MESSAGE 6204 (NLTRD2)
        0.016 SECONDS REQUIRED TO DECOMPOSE MATRIX.
1                                                                              JUNE   1, 2015  NX NASTRAN  8/11/12   PAGE     8
                                                                                                                                    
0                                                                                                                                   
0                             N O N - L I N E A R   I T E R A T I O N   M O D U L E   O U T P U T

     STIFFNESS UPDATE TIME          0.01 SECONDS                                                               SUBCASE        1
            ITERATION TIME          0.00 SECONDS

                   - - - -   ERROR  FACTORS    - - -   CONVERGENCE  FACTORS  - - - LINE SEARCH DATA - - -         ITR MAT NO.
      TIME    ITER   DISP.       LOAD        WORK     LAMBDA(I)     DLMAG     FACTOR  E-FIRST    E-FINAL NQNV NLS DIV DIV BIS ADJUST

  1.000000E+00  1  1.0000E+00  5.0166E-09  2.3312E-09 9.9900E-01  4.9627E-01  1.000  1.917E-09  1.917E-09   0   0   0   1     1.000
  2.000000E+00  1  1.0000E+00  1.1615E-09  2.2722E-09 9.9900E-01  2.3447E-01  1.000  1.110E-09  1.110E-09   0   0   0   1     1.000
 *** USER INFORMATION MESSAGE 6204 (NLTRD2)
        0.000 SECONDS REQUIRED TO DECOMPOSE MATRIX.
  2.250000E+00  1  1.0000E+00  3.5582E-09  1.1589E-09 9.9900E-01  3.5199E-01  1.000  2.485E-09  2.485E-09   0   0   0   1     0.250
 *** USER INFORMATION MESSAGE 6204 (NLTRD2)
        0.000 SECONDS REQUIRED TO DECOMPOSE MATRIX.
  2.312500E+00  1  1.0000E+00  3.1095E-09  4.3152E-10 9.9900E-01  4.5130E-01  1.000  4.774E-09  4.774E-09   0   0   0   1     0.062
 *** USER INFORMATION MESSAGE 6204 (NLTRD2)
        0.000 SECONDS REQUIRED TO DECOMPOSE MATRIX.
  2.343750E+00  1  1.0000E+00  8.7659E-10  8.4026E-12 9.9900E-01  9.2342E-02  1.000  6.925E-09  6.925E-09   0   0   0   1     0.031
  2.375000E+00  1  1.0000E+00  5.1028E-10  2.4632E-12 9.9900E-01  5.2246E-02  1.000  7.593E-09  7.593E-09   0   0   0   1     0.031
  2.406250E+00  1  1.0000E+00  3.4793E-10  1.0871E-12 9.9900E-01  3.5174E-02  1.000  8.082E-09  8.082E-09   0   0   0   1
 *** USER INFORMATION MESSAGE 6204 (NLTRD2)
        0.000 SECONDS REQUIRED TO DECOMPOSE MATRIX.
  2.468750E+00  1  1.0000E+00  2.5570E-10  1.1143E-12 9.9900E-01  2.5697E-02  1.000  8.059E-09  8.059E-09   0   0   0   1     0.062
 *** USER INFORMATION MESSAGE 6204 (NLTRD2)
        0.000 SECONDS REQUIRED TO DECOMPOSE MATRIX.
  2.593750E+00  1  1.0000E+00  2.1052E-10  1.3147E-12 9.9900E-01  2.1051E-02  1.000  8.472E-09  8.472E-09   0   0   0   1     0.125
 *** USER INFORMATION MESSAGE 6204 (NLTRD2)
        0.000 SECONDS REQUIRED TO DECOMPOSE MATRIX.
  2.843750E+00  1  1.0000E+00  1.7125E-10  1.6089E-12 9.9900E-01  1.7077E-02  1.000  8.162E-09  8.162E-09   0   0   0   1     0.250
 *** USER INFORMATION MESSAGE 6204 (NLTRD2)
        0.000 SECONDS REQUIRED TO DECOMPOSE MATRIX.
  3.343750E+00  1  1.0000E+00  1.1120E-10  1.4013E-12 9.9900E-01  1.1066E-02  1.000  7.295E-09  7.295E-09   0   0   0   1     0.500
 *** USER INFORMATION MESSAGE 6204 (NLTRD2)
        0.000 SECONDS REQUIRED TO DECOMPOSE MATRIX.
  4.343750E+00  1  1.0000E+00  5.0168E-11  5.7891E-13 9.9900E-01  4.9793E-03  1.000  5.971E-09  5.971E-09   0   0   0   1     1.000
 *** USER INFORMATION MESSAGE 6204 (NLTRD2)
        0.000 SECONDS REQUIRED TO DECOMPOSE MATRIX.
  6.343750E+00  1  1.0000E+00  1.0201E-11  4.7546E-14 9.9900E-01  1.0101E-03  1.000  4.373E-09  4.373E-09   0   0   0   1     2.000
  8.343750E+00  1  1.0000E+00  6.0811E-13  1.6860E-16 9.9900E-01  6.0161E-05  1.000  0.000E+00  0.000E+00   0   0   0   1
  1.034375E+01  1  1.0000E+00  4.5452E-14  1.1744E-18 0.0000E+00  4.4965E-06  1.000  0.000E+00  0.000E+00   0   0   0   1
  1.234375E+01  1  1.0000E+00  2.7933E-14  4.0662E-19 0.0000E+00  2.7633E-06  1.000  0.000E+00  0.000E+00   0   0   0   1     2.000
  1.434375E+01  1  1.0000E+00  2.3867E-14  2.8833E-19 0.0000E+00  2.3611E-06  1.000  0.000E+00  0.000E+00   0   0   0   1
 *** USER INFORMATION MESSAGE 4550 (NLTRD2)
     *** NEW STIFFNESS MATRIX IS REQUIRED ***
 ^^^ USER INFORMATION MESSAGE 9010 (NLTRAN)  
 ^^^ LAST ADJUSTED DELTA T: OLDDT=    2.000000E+00 
 ^^^ USER INFORMATION MESSAGE 9003 (NLTRAN)  
 ^^^ CURRENT VALUE OF STIME IS    1.434375E+01 
 ^^^ USER INFORMATION MESSAGE 9005 (NLTRAN)  
 ^^^ THE SOLUTION FOR LOOPID=            1 IS SAVED FOR RESTART.   
 *** USER INFORMATION MESSAGE 7559 (TRLGCD)
     THIS TRANSIENT RESPONSE ANALYSIS INVOLVES THE FOLLOWING TYPES OF EXCITATION --

     * APPLIED LOADS
 ^^^     
 ^^^     
 ^^^     
 ^^^ ******************************************************************************* 
 ^^^    THE TABLE(S) STARTING ON THE FOLLOWING PAGE CONTAIN(S) THE MODAL SOLUTION    
 ^^^ ******************************************************************************* 
 ^^^     
 ^^^     
 ^^^     
 *** USER INFORMATION MESSAGE 4114 (OUTPX2)
     DATA BLOCK OUGV2    WRITTEN ON FORTRAN UNIT 12, TRL =
                    101                 0             17136                 1                15                 0                 1
     (MAXIMUM POSSIBLE FORTRAN RECORD SIZE =    16386 WORDS.)
     (MAXIMUM SIZE OF FORTRAN RECORDS WRITTEN =      146 WORDS.)
     (NUMBER OF FORTRAN RECORDS WRITTEN =     1204 RECORDS.)
     (TOTAL DATA WRITTEN FOR DATA BLOCK =    35482 WORDS.)
 *** USER INFORMATION MESSAGE 4114 (OUTPX2)
     DATA BLOCK OEF2     WRITTEN ON FORTRAN UNIT 12, TRL =
                    103               101                 0                 0                 0                 0                 0
     (MAXIMUM POSSIBLE FORTRAN RECORD SIZE =    16386 WORDS.)
     (MAXIMUM SIZE OF FORTRAN RECORDS WRITTEN =      162 WORDS.)
     (NUMBER OF FORTRAN RECORDS WRITTEN =     1164 RECORDS.)
     (TOTAL DATA WRITTEN FOR DATA BLOCK =    36018 WORDS.)
 *** USER INFORMATION MESSAGE 4114 (OUTPX2)
     DATA BLOCK TOUGV1   WRITTEN ON FORTRAN UNIT 12, TRL =
                    101                 0             17136                 1                15                 0                 1
     (MAXIMUM POSSIBLE FORTRAN RECORD SIZE =    16386 WORDS.)
     (MAXIMUM SIZE OF FORTRAN RECORDS WRITTEN =      952 WORDS.)
     (NUMBER OF FORTRAN RECORDS WRITTEN =      194 RECORDS.)
     (TOTAL DATA WRITTEN FOR DATA BLOCK =    19933 WORDS.)
 *** USER INFORMATION MESSAGE 4114 (OUTPX2)
     DATA BLOCK HOEF1    WRITTEN ON FORTRAN UNIT 12, TRL =
                    101                63                 6                 1                15                 0                 1
     (MAXIMUM POSSIBLE FORTRAN RECORD SIZE =    16386 WORDS.)
     (MAXIMUM SIZE OF FORTRAN RECORDS WRITTEN =      864 WORDS.)
     (NUMBER OF FORTRAN RECORDS WRITTEN =      374 RECORDS.)
     (TOTAL DATA WRITTEN FOR DATA BLOCK =    23852 WORDS.)
1                                                                              JUNE   1, 2015  NX NASTRAN  8/11/12   PAGE     9
                                                                                                                                    
0                                                                                                                                   
1                                                                              JUNE   1, 2015  NX NASTRAN  8/11/12   PAGE    10
                                                                                                                                    
0                                                                                                                                   
1                                                                              JUNE   1, 2015  NX NASTRAN  8/11/12   PAGE    11
                                                                                                                                    
0                                                                                                                                   
0                                                                                                                                   
                                                                                                                                    
                                                                                                                                    
 *** USER INFORMATION MESSAGE 4110 (OUTPX2)
                                 END-OF-DATA SIMULATION ON FORTRAN UNIT 12
                                 (MAXIMUM SIZE OF FORTRAN RECORDS WRITTEN =      1 WORDS.)
                                       (NUMBER OF FORTRAN RECORDS WRITTEN =      1 RECORDS.)
                                       (TOTAL DATA WRITTEN FOR EOF MARKER =      1 WORDS.)
1                                                                              JUNE   1, 2015  NX NASTRAN  8/11/12   PAGE    12
                                                                                                                                    
0                                                                                                                                   
 * * * *  D B D I C T   P R I N T  * * * *      SUBDMAP = PRTSUM  ,  DMAP STATEMENT NO.     29



0                                   * * * *  A N A L Y S I S  S U M M A R Y  T A B L E  * * * *
0 SEID  PEID PROJ VERS APRCH      SEMG SEMR SEKR SELG SELR MODES DYNRED SOLLIN PVALID SOLNL LOOPID DESIGN CYCLE SENSITIVITY
 --------------------------------------------------------------------------------------------------------------------------
     0     0    1    1 'HEAT    '    T    T    T    T    T     F      F      T      0     F      0            0           F
     0     0    1    1 'HEAT    '    F    F    F    F    F     F      F      F      0     T      1            0           F
0SEID = SUPERELEMENT ID.
 PEID = PRIMARY SUPERELEMENT ID OF IMAGE SUPERELEMENT.
 PROJ = PROJECT ID NUMBER.
 VERS = VERSION ID.
 APRCH = BLANK FOR STRUCTURAL ANALYSIS.  HEAT FOR HEAT TRANSFER ANALYSIS.
 SEMG = STIFFNESS AND MASS MATRIX GENERATION STEP.
 SEMR = MASS MATRIX REDUCTION STEP (INCLUDES EIGENVALUE SOLUTION FOR MODES).
 SEKR = STIFFNESS MATRIX REDUCTION STEP.
 SELG = LOAD MATRIX GENERATION STEP.
 SELR = LOAD MATRIX REDUCTION STEP. 
 MODES = T (TRUE) IF NORMAL MODES OR BUCKLING MODES CALCULATED.
 DYNRED = T (TRUE) MEANS GENERALIZED DYNAMIC AND/OR COMPONENT MODE REDUCTION PERFORMED.
 SOLLIN = T (TRUE) IF LINEAR SOLUTION EXISTS IN DATABASE.
 PVALID = P-DISTRIBUTION ID OF P-VALUE FOR P-ELEMENTS
 LOOPID = THE LAST LOOPID VALUE USED IN THE NONLINEAR ANALYSIS.  USEFUL FOR RESTARTS.
 SOLNL = T (TRUE) IF NONLINEAR SOLUTION EXISTS IN DATABASE.
 DESIGN CYCLE = THE LAST DESIGN CYCLE (ONLY VALID IN OPTIMIZATION).
 SENSITIVITY = SENSITIVITY MATRIX GENERATION FLAG.
1                                        * * * END OF JOB * * *
 
 
